PreTeXt project found in `C:\Users\smbor\OneDrive\Documents\Repos\kenyan-books\CBC-Grade-10-Maths`.
[33mwarning: [0mUsing CLI version 2.33.2 but project's `requirements.txt`
[33mwarning: [0mis configured to use 2.25.1. Consider either installing
[33mwarning: [0mCLI version 2.25.1 or running `pretext update`
[33mwarning: [0mto update `requirements.txt` and other managed files to match 2.33.2.
Since no target was supplied, we will use "web".

Generating any needed assets.
XSL conversion of C:\Users\smbor\OneDrive\Documents\Repos\kenyan-books\CBC-Grade-10-Maths\source\main.ptx by C:\Users\smbor\.ptx\2.33.2\core\xsl\utilities\report-publisher-variables.xsl
successful application of C:\Users\smbor\.ptx\2.33.2\core\xsl\utilities\report-publisher-variables.xsl
Using STACK API at https://stackapi-1-43834256136.europe-west1.run.app/render
converting STACK exercises from C:\Users\smbor\OneDrive\Documents\Repos\kenyan-books\CBC-Grade-10-Maths\source\main.ptx to static forms for placement in C:\Users\smbor\OneDrive\Documents\Repos\kenyan-books\CBC-Grade-10-Maths\generated-assets\stack
extracting STACK exercises from C:\Users\smbor\OneDrive\Documents\Repos\kenyan-books\CBC-Grade-10-Maths\source\main.ptx
string parameters passed to extraction stylesheet: {'html.js.extra': 'external/permalink-review-links.js', 'publisher': 'C:/Users/smbor/OneDrive/Documents/Repos/kenyan-books/CBC-Grade-10-Maths/publication/publication.ptx'}
XSL conversion of C:\Users\smbor\OneDrive\Documents\Repos\kenyan-books\CBC-Grade-10-Maths\source\main.ptx by C:\Users\smbor\.ptx\2.33.2\core\xsl\extract-stack.xsl
successful application of C:\Users\smbor\.ptx\2.33.2\core\xsl\extract-stack.xsl
[31merror: [0mUnable to generate some stack assets:
[31merror: [0m 'boxWidth'
[31mcritical: [0mThere were errors during the generate process.  See above.
------------------------
[31mcritical: [0mGenerating assets as failed.  Exiting...

----------------------------------------------------
While running pretext, the following errors occurred:

(see log messages above or in the 'logs' folder for more information)
pretext : [31merror: [0mUnable to generate some stack assets:
At line:1 char:1
+ pretext generate stack 2>&1 | Out-File -FilePath 
stack-generation.log ...
+ ~~~~~~~~~~~~~~~~~~~~~~~~~~~
    + CategoryInfo          : NotSpecified: ([31merror: [0...e sta 
   ck assets::String) [], RemoteException
    + FullyQualifiedErrorId : NativeCommandError
 
[31merror: [0m 'boxWidth'
[31mcritical: [0mThere were errors during the generate process.  
See above.
[31mcritical: [0mGenerating assets as failed.  Exiting...
----------------------------------------------------
